{"total": {"lines":{"total":184,"covered":135,"skipped":0,"pct":73.36},"statements":{"total":185,"covered":136,"skipped":0,"pct":73.51},"functions":{"total":50,"covered":23,"skipped":0,"pct":46},"branches":{"total":90,"covered":62,"skipped":0,"pct":68.88},"branchesTrue":{"total":0,"covered":0,"skipped":0,"pct":"Unknown"}}
,"D:\\huangyg\\git\\sample\\awiki\\module\\lib\\httpx-0.28.0\\src\\client.ts": {"lines":{"total":60,"covered":55,"skipped":0,"pct":91.66},"functions":{"total":10,"covered":10,"skipped":0,"pct":100},"statements":{"total":60,"covered":55,"skipped":0,"pct":91.66},"branches":{"total":36,"covered":27,"skipped":0,"pct":75}}
,"D:\\huangyg\\git\\sample\\awiki\\module\\lib\\httpx-0.28.0\\src\\errors.ts": {"lines":{"total":53,"covered":40,"skipped":0,"pct":75.47},"functions":{"total":14,"covered":8,"skipped":0,"pct":57.14},"statements":{"total":53,"covered":40,"skipped":0,"pct":75.47},"branches":{"total":24,"covered":14,"skipped":0,"pct":58.33}}
,"D:\\huangyg\\git\\sample\\awiki\\module\\lib\\httpx-0.28.0\\src\\index.ts": {"lines":{"total":30,"covered":0,"skipped":0,"pct":0},"functions":{"total":21,"covered":0,"skipped":0,"pct":0},"statements":{"total":30,"covered":0,"skipped":0,"pct":0},"branches":{"total":0,"covered":0,"skipped":0,"pct":100}}
,"D:\\huangyg\\git\\sample\\awiki\\module\\lib\\httpx-0.28.0\\src\\rpc.ts": {"lines":{"total":41,"covered":40,"skipped":0,"pct":97.56},"functions":{"total":5,"covered":5,"skipped":0,"pct":100},"statements":{"total":42,"covered":41,"skipped":0,"pct":97.61},"branches":{"total":30,"covered":21,"skipped":0,"pct":70}}
}
