TN:
SF:src\client.ts
FN:75,(anonymous_10)
FN:91,(anonymous_11)
FN:127,(anonymous_12)
FN:142,(anonymous_13)
FN:150,(anonymous_14)
FN:156,(anonymous_15)
FN:171,(anonymous_16)
FN:187,(anonymous_17)
FN:197,(anonymous_18)
FN:213,(anonymous_19)
FN:231,(anonymous_20)
FN:235,(anonymous_21)
FN:272,(anonymous_22)
FN:293,(anonymous_23)
FN:332,(anonymous_24)
FN:339,(anonymous_25)
FN:342,(anonymous_26)
FN:358,(anonymous_27)
FN:377,(anonymous_28)
FN:385,(anonymous_29)
FN:388,(anonymous_30)
FN:392,(anonymous_31)
FN:413,(anonymous_32)
FN:442,(anonymous_33)
FN:456,(anonymous_34)
FN:460,(anonymous_35)
FN:479,(anonymous_36)
FN:494,(anonymous_37)
FN:503,(anonymous_38)
FN:510,(anonymous_39)
FN:518,(anonymous_40)
FN:520,(anonymous_41)
FN:530,(anonymous_42)
FN:534,(anonymous_43)
FN:544,(anonymous_44)
FN:555,(anonymous_45)
FN:560,(anonymous_46)
FN:568,(anonymous_47)
FN:573,(anonymous_48)
FN:584,(anonymous_49)
FNF:40
FNH:31
FNDA:45,(anonymous_10)
FNDA:28,(anonymous_11)
FNDA:24,(anonymous_12)
FNDA:48,(anonymous_13)
FNDA:0,(anonymous_14)
FNDA:0,(anonymous_15)
FNDA:37,(anonymous_16)
FNDA:0,(anonymous_17)
FNDA:1,(anonymous_18)
FNDA:13,(anonymous_19)
FNDA:11,(anonymous_20)
FNDA:15,(anonymous_21)
FNDA:0,(anonymous_22)
FNDA:5,(anonymous_23)
FNDA:4,(anonymous_24)
FNDA:2,(anonymous_25)
FNDA:1,(anonymous_26)
FNDA:1,(anonymous_27)
FNDA:2,(anonymous_28)
FNDA:2,(anonymous_29)
FNDA:8,(anonymous_30)
FNDA:2,(anonymous_31)
FNDA:6,(anonymous_32)
FNDA:3,(anonymous_33)
FNDA:1,(anonymous_34)
FNDA:1,(anonymous_35)
FNDA:0,(anonymous_36)
FNDA:3,(anonymous_37)
FNDA:1,(anonymous_38)
FNDA:12,(anonymous_39)
FNDA:5,(anonymous_40)
FNDA:155,(anonymous_41)
FNDA:48,(anonymous_42)
FNDA:43,(anonymous_43)
FNDA:0,(anonymous_44)
FNDA:0,(anonymous_45)
FNDA:0,(anonymous_46)
FNDA:48,(anonymous_47)
FNDA:0,(anonymous_48)
FNDA:85,(anonymous_49)
DA:9,1
DA:10,1
DA:11,1
DA:12,1
DA:25,1
DA:58,1
DA:60,45
DA:64,45
DA:68,45
DA:76,45
DA:77,45
DA:93,28
DA:94,3
DA:98,25
DA:101,25
DA:102,1
DA:104,24
DA:110,25
DA:114,25
DA:115,1
DA:116,1
DA:117,0
DA:119,1
DA:127,24
DA:128,24
DA:130,24
DA:131,24
DA:136,0
DA:137,0
DA:138,0
DA:142,24
DA:143,48
DA:144,48
DA:145,48
DA:146,48
DA:150,24
DA:151,0
DA:152,0
DA:156,24
DA:157,0
DA:158,0
DA:159,0
DA:160,0
DA:172,37
DA:174,37
DA:175,21
DA:176,21
DA:177,21
DA:178,21
DA:188,0
DA:189,0
DA:198,1
DA:214,13
DA:215,2
DA:218,11
DA:219,11
DA:224,11
DA:225,6
DA:228,11
DA:231,11
DA:232,11
DA:233,11
DA:235,11
DA:236,15
DA:239,15
DA:240,15
DA:242,0
DA:246,15
DA:247,1
DA:251,14
DA:252,3
DA:255,11
DA:256,11
DA:258,11
DA:259,1
DA:265,10
DA:269,11
DA:272,11
DA:273,0
DA:274,0
DA:275,0
DA:276,0
DA:303,5
DA:306,5
DA:308,5
DA:314,5
DA:315,5
DA:316,5
DA:317,5
DA:318,5
DA:320,5
DA:333,4
DA:334,2
DA:337,2
DA:339,2
DA:340,2
DA:342,2
DA:343,1
DA:345,1
DA:346,1
DA:347,1
DA:348,1
DA:349,1
DA:355,2
DA:358,2
DA:359,1
DA:360,1
DA:361,1
DA:362,1
DA:378,2
DA:379,0
DA:382,2
DA:383,2
DA:385,2
DA:386,2
DA:388,2
DA:389,8
DA:392,2
DA:393,2
DA:395,2
DA:396,2
DA:399,2
DA:400,1
DA:401,1
DA:402,1
DA:410,2
DA:413,2
DA:414,6
DA:415,1
DA:416,1
DA:417,1
DA:418,1
DA:420,1
DA:425,2
DA:426,0
DA:427,0
DA:428,0
DA:429,0
DA:443,3
DA:444,2
DA:447,1
DA:453,1
DA:456,1
DA:457,1
DA:458,1
DA:460,1
DA:461,1
DA:463,1
DA:464,1
DA:466,1
DA:467,1
DA:468,1
DA:469,1
DA:476,1
DA:479,1
DA:480,0
DA:481,0
DA:482,0
DA:483,0
DA:495,3
DA:504,1
DA:511,12
DA:512,12
DA:520,5
DA:521,155
DA:522,155
DA:523,155
DA:531,48
DA:534,45
DA:535,43
DA:536,43
DA:537,43
DA:544,45
DA:545,0
DA:546,0
DA:547,0
DA:549,0
DA:550,0
DA:555,45
DA:556,0
DA:560,45
DA:561,0
DA:569,48
DA:571,48
DA:573,48
DA:574,0
DA:576,0
DA:585,85
DA:586,42
DA:587,42
LF:190
LH:155
BRDA:93,0,0,3
BRDA:93,0,1,25
BRDA:101,1,0,1
BRDA:101,1,1,24
BRDA:101,2,0,25
BRDA:101,2,1,24
BRDA:114,3,0,1
BRDA:114,3,1,24
BRDA:114,4,0,25
BRDA:114,4,1,1
BRDA:157,5,0,0
BRDA:157,5,1,0
BRDA:157,6,0,0
BRDA:157,6,1,0
BRDA:174,7,0,21
BRDA:174,7,1,16
BRDA:214,8,0,2
BRDA:214,8,1,11
BRDA:214,9,0,13
BRDA:214,9,1,11
BRDA:224,10,0,6
BRDA:224,10,1,5
BRDA:232,11,0,11
BRDA:232,11,1,0
BRDA:236,12,0,0
BRDA:236,12,1,15
BRDA:246,13,0,1
BRDA:246,13,1,14
BRDA:251,14,0,3
BRDA:251,14,1,11
BRDA:258,15,0,1
BRDA:258,15,1,10
BRDA:258,16,0,11
BRDA:258,16,1,1
BRDA:265,17,0,10
BRDA:265,17,1,0
BRDA:273,18,0,0
BRDA:273,18,1,0
BRDA:300,19,0,5
BRDA:306,20,0,5
BRDA:306,20,1,4
BRDA:314,21,0,2
BRDA:314,21,1,3
BRDA:315,22,0,0
BRDA:315,22,1,5
BRDA:316,23,0,1
BRDA:316,23,1,4
BRDA:317,24,0,1
BRDA:317,24,1,4
BRDA:318,25,0,1
BRDA:318,25,1,4
BRDA:333,26,0,2
BRDA:333,26,1,2
BRDA:333,27,0,4
BRDA:333,27,1,2
BRDA:337,28,0,2
BRDA:337,28,1,0
BRDA:337,28,2,0
BRDA:343,29,0,0
BRDA:343,29,1,1
BRDA:359,30,0,1
BRDA:359,30,1,0
BRDA:378,31,0,0
BRDA:378,31,1,2
BRDA:378,32,0,2
BRDA:378,32,1,2
BRDA:382,33,0,2
BRDA:382,33,1,0
BRDA:382,33,2,0
BRDA:393,34,0,0
BRDA:393,34,1,2
BRDA:399,35,0,1
BRDA:399,35,1,1
BRDA:414,36,0,1
BRDA:414,36,1,5
BRDA:415,37,0,1
BRDA:415,37,1,0
BRDA:425,38,0,0
BRDA:425,38,1,2
BRDA:443,39,0,2
BRDA:443,39,1,1
BRDA:443,40,0,3
BRDA:443,40,1,1
BRDA:457,41,0,1
BRDA:457,41,1,0
BRDA:461,42,0,0
BRDA:461,42,1,1
BRDA:466,43,0,1
BRDA:466,43,1,0
BRDA:480,44,0,0
BRDA:480,44,1,0
BRDA:504,45,0,1
BRDA:504,45,1,1
BRDA:522,46,0,150
BRDA:522,46,1,5
BRDA:531,47,0,3
BRDA:531,47,1,45
BRDA:549,48,0,0
BRDA:549,48,1,0
BRDA:571,49,0,48
BRDA:571,49,1,6
BRDA:574,50,0,0
BRDA:574,50,1,0
BRDA:574,51,0,0
BRDA:574,51,1,0
BRDA:585,52,0,42
BRDA:585,52,1,43
BRF:107
BRH:76
end_of_record
TN:
SF:src\errors.ts
FN:18,(anonymous_0)
FN:32,(anonymous_1)
FN:49,(anonymous_2)
FN:63,(anonymous_3)
FN:78,(anonymous_4)
FN:89,(anonymous_5)
FN:101,(anonymous_6)
FNF:7
FNH:6
FNDA:1,(anonymous_0)
FNDA:7,(anonymous_1)
FNDA:2,(anonymous_2)
FNDA:1,(anonymous_3)
FNDA:2,(anonymous_4)
FNDA:0,(anonymous_5)
FNDA:4,(anonymous_6)
DA:12,1
DA:19,1
DA:20,1
DA:21,1
DA:22,1
DA:31,1
DA:33,7
DA:34,7
DA:43,1
DA:50,2
DA:51,2
DA:52,2
DA:53,2
DA:62,1
DA:64,1
DA:65,1
DA:74,1
DA:79,2
DA:80,2
DA:81,2
DA:88,1
DA:90,0
DA:91,0
DA:100,1
DA:102,4
DA:103,4
LF:26
LH:24
BRDA:18,0,0,0
BRDA:19,1,0,1
BRDA:19,1,1,0
BRDA:32,2,0,0
BRDA:63,3,0,0
BRDA:101,4,0,1
BRF:6
BRH:2
end_of_record
